<?xml version="1.0" encoding="UTF-8"?>
<Site BuildName="(empty)"
	BuildStamp="20250904-1508-Experimental"
	Name="(empty)"
	Generator="ctest-4.1.1"
	CompilerName=""
	CompilerVersion=""
	OSName="Linux"
	Hostname="arch"
	OSRelease="6.16.4-arch1-1"
	OSVersion="#1 SMP PREEMPT_DYNAMIC Thu, 28 Aug 2025 19:49:53 +0000"
	OSPlatform="x86_64"
	Is64Bits="1"
	VendorString="GenuineIntel"
	VendorID="Intel Corporation"
	FamilyID="6"
	ModelID="60"
	ModelName="Intel(R) Core(TM) i7-4700HQ CPU @ 2.40GHz"
	ProcessorCacheSize="6144"
	NumberOfLogicalCPU="8"
	NumberOfPhysicalCPU="4"
	TotalVirtualMemory="8191"
	TotalPhysicalMemory="15932"
	LogicalProcessorsPerPhysical="2"
	ProcessorClockFrequency="3192.56"
	>
	<Testing>
		<StartDateTime>Sep 04 18:09 EEST</StartDateTime>
		<StartTestTime>1756998547</StartTestTime>
		<TestList/>
		<EndDateTime>Sep 04 18:09 EEST</EndDateTime>
		<EndTestTime>1756998547</EndTestTime>
		<ElapsedMinutes>0</ElapsedMinutes>
	</Testing>
</Site>
